24-06-23 11:40:08.849 pyfstat.core INFO    : Creating Writer object...
24-06-23 11:40:08.850 pyfstat.utils.ephemeris INFO    : No /home/hoitim.cheung/.pyfstat.conf file found. Will fall back to lal's automatic path resolution for files [earth00-40-DE405.dat.gz,sun00-40-DE405.dat.gz]. Alternatively, set 'earth_ephem' and 'sun_ephem' class options.
24-06-23 11:40:08.851 pyfstat.make_sfts INFO    : Estimating required SFT frequency range from properties of signal to inject plus 59 extra bins either side (corresponding to default F-statistic settings).
24-06-23 11:40:08.852 pyfstat.make_sfts INFO    : Generating SFTs with fmin=164.39724675695072, Band=0.123795814729839
24-06-23 11:40:08.852 pyfstat.make_sfts INFO    : Checking if we can re-use injection config file...
24-06-23 11:40:08.852 pyfstat.make_sfts INFO    : ...no config file mcmc/G347Mock398Hzv6/G347Mock398Hzv6.cff found.
24-06-23 11:40:08.852 pyfstat.make_sfts INFO    : Writing config file: mcmc/G347Mock398Hzv6/G347Mock398Hzv6.cff
24-06-23 11:40:08.853 pyfstat.make_sfts INFO    : Checking if we can re-use existing SFT data file(s)...
24-06-23 11:40:08.854 pyfstat.make_sfts INFO    : ...no SFT file matching 'mcmc/G347Mock398Hzv6/H-7440_H1_1800SFT_G347Mock398Hzv6-1368970000-13392000.sft' found. Will create new SFT file(s).
24-06-23 11:40:08.854 pyfstat.utils.cli INFO    : Now executing: lalpulsar_Makefakedata_v5 --outSingleSFT=TRUE --outSFTdir="mcmc/G347Mock398Hzv6" --outLabel="G347Mock398Hzv6" --IFOs="H1","L1" --sqrtSX="1e-23" --startTime=1368970000 --duration=13392000 --fmin=164.3972467569507 --Band=0.123795814729839 --Tsft=1800 --injectionSources="mcmc/G347Mock398Hzv6/G347Mock398Hzv6.cff" --ephemEarth="earth00-40-DE405.dat.gz" --ephemSun="sun00-40-DE405.dat.gz"
24-06-23 11:40:11.185 pyfstat.make_sfts INFO    : Successfully wrote SFTs to: mcmc/G347Mock398Hzv6/H-7440_H1_1800SFT_G347Mock398Hzv6-1368970000-13392000.sft;mcmc/G347Mock398Hzv6/L-7440_L1_1800SFT_G347Mock398Hzv6-1368970000-13392000.sft
24-06-23 11:40:11.185 pyfstat.make_sfts INFO    : Now validating each SFT file...
24-06-23 11:40:11.394 pyfstat.core INFO    : Creating MCMCSearch object...
24-06-23 11:40:11.395 pyfstat.utils.ephemeris INFO    : No /home/hoitim.cheung/.pyfstat.conf file found. Will fall back to lal's automatic path resolution for files [earth00-40-DE405.dat.gz,sun00-40-DE405.dat.gz]. Alternatively, set 'earth_ephem' and 'sun_ephem' class options.
24-06-23 11:40:11.396 pyfstat.mcmc_based_searches INFO    : Set-up MCMC search for model G347Mock398Hzv6
24-06-23 11:40:11.396 pyfstat.mcmc_based_searches INFO    : Using data mcmc/G347Mock398Hzv6/H-7440_H1_1800SFT_G347Mock398Hzv6-1368970000-13392000.sft;mcmc/G347Mock398Hzv6/L-7440_L1_1800SFT_G347Mock398Hzv6-1368970000-13392000.sft
24-06-23 11:40:11.396 pyfstat.mcmc_based_searches INFO    : theta_prior = {'Alpha': {'type': 'unif', 'lower': 4.5093205, 'upper': 4.5094205}, 'Delta': {'type': 'unif', 'lower': -0.6952891, 'upper': -0.6950891}, 'F0': {'type': 'unif', 'lower': 164.45914100000002, 'upper': 164.459143}, 'F1': {'type': 'unif', 'lower': -1.74682308e-09, 'upper': -1.74662308e-09}, 'F2': {'type': 'unif', 'lower': -3.642913329999999e-20, 'upper': 1.635708667e-19}}
24-06-23 11:40:11.396 pyfstat.mcmc_based_searches INFO    : nwalkers=200
24-06-23 11:40:11.396 pyfstat.mcmc_based_searches INFO    : nsteps = [300, 300]
24-06-23 11:40:11.396 pyfstat.mcmc_based_searches INFO    : ntemps = 2
24-06-23 11:40:11.396 pyfstat.mcmc_based_searches INFO    : log10beta_min = -0.5
24-06-23 11:40:11.396 pyfstat.mcmc_based_searches INFO    : Setting up search object
24-06-23 11:40:11.396 pyfstat.core INFO    : Creating ComputeFstat object...
24-06-23 11:40:11.397 pyfstat.utils.ephemeris INFO    : No /home/hoitim.cheung/.pyfstat.conf file found. Will fall back to lal's automatic path resolution for files [earth00-40-DE405.dat.gz,sun00-40-DE405.dat.gz]. Alternatively, set 'earth_ephem' and 'sun_ephem' class options.
24-06-23 11:40:11.397 pyfstat.core INFO    : Initialising SFTCatalog from sftfilepattern.
24-06-23 11:40:11.397 pyfstat.core INFO    : Loading data matching SFT file name pattern 'mcmc/G347Mock398Hzv6/H-7440_H1_1800SFT_G347Mock398Hzv6-1368970000-13392000.sft;mcmc/G347Mock398Hzv6/L-7440_L1_1800SFT_G347Mock398Hzv6-1368970000-13392000.sft' with constraints minStartTime=1368970000, maxStartTime=1382362000.
24-06-23 11:40:11.547 pyfstat.core INFO    : Data contains SFT timestamps from 1368970000 (Wed May 24 13:26:22 2023 UTC) to (including) 1382360200 (Thu Oct 26 12:56:22 2023 UTC).
24-06-23 11:40:11.561 pyfstat.core INFO    : Loaded 14880 SFTs from 2 detectors: ['L1', 'H1']
24-06-23 11:40:11.571 pyfstat.core INFO    : Initialising ephems
24-06-23 11:40:12.438 pyfstat.core INFO    : Initialising Fstat arguments
24-06-23 11:40:12.467 pyfstat.core INFO    : [minCoverFreq,maxCoverFreq] not provided, trying to estimate from search ranges.
24-06-23 11:40:12.467 pyfstat.core INFO    : Using minCoverFreq=164.43002062372207 and maxCoverFreq=164.48826870573797.
24-06-23 11:40:12.468 pyfstat.core INFO    : Initialising FstatInput
24-06-23 11:40:12.876 pyfstat.core INFO    : Initialising PulsarDoplerParams
24-06-23 11:40:12.876 pyfstat.core INFO    : Initialising FstatResults
24-06-23 11:40:12.879 pyfstat.mcmc_based_searches INFO    : No pickled data found
24-06-23 11:40:12.879 pyfstat.mcmc_based_searches INFO    : Estimated run-time = 957.3119999999999 s = 15:57 m
24-06-23 11:40:12.879 pyfstat.mcmc_based_searches INFO    : Generate initial values from prior dictionary
24-06-23 11:40:12.884 pyfstat.mcmc_based_searches INFO    : Checking temperature 0 chains
24-06-23 11:40:13.476 pyfstat.mcmc_based_searches INFO    : Checking temperature 1 chains
24-06-23 11:40:14.071 pyfstat.mcmc_based_searches INFO    : Running final burn and prod with 600 steps
24-06-23 11:50:20.490 pyfstat.mcmc_based_searches INFO    : Mean acceptance fraction: [0.49419167 0.41918333]
24-06-23 11:50:20.491 pyfstat.mcmc_based_searches INFO    : Tswap acceptance fraction: [0.2317 0.2317]
24-06-23 11:50:20.492 pyfstat.mcmc_based_searches INFO    : Autocorrelation length: [[73.25148119 61.06355611 67.42332108 22.41021341 77.18691392]
 [28.58608502 59.14050933 62.00167406 39.00446027 41.42570909]]
24-06-23 11:50:58.956 pyfstat.core INFO    : Creating Writer object...
24-06-23 11:50:58.956 pyfstat.utils.ephemeris INFO    : No /home/hoitim.cheung/.pyfstat.conf file found. Will fall back to lal's automatic path resolution for files [earth00-40-DE405.dat.gz,sun00-40-DE405.dat.gz]. Alternatively, set 'earth_ephem' and 'sun_ephem' class options.
24-06-23 11:50:58.957 pyfstat.make_sfts INFO    : Estimating required SFT frequency range from properties of signal to inject plus 59 extra bins either side (corresponding to default F-statistic settings).
24-06-23 11:50:58.957 pyfstat.make_sfts INFO    : Generating SFTs with fmin=164.39724675695072, Band=0.123795814729839
24-06-23 11:50:58.957 pyfstat.make_sfts INFO    : Checking if we can re-use injection config file...
24-06-23 11:50:58.957 pyfstat.make_sfts INFO    : ...OK: config file mcmc/G347Mock164Hz/G347Mock164Hz.cff already exists.
24-06-23 11:50:58.958 pyfstat.make_sfts INFO    : ...OK: file contents match, no update of mcmc/G347Mock164Hz/G347Mock164Hz.cff required.
24-06-23 11:50:58.958 pyfstat.make_sfts INFO    : Checking if we can re-use existing SFT data file(s)...
24-06-23 11:50:58.958 pyfstat.make_sfts INFO    : ...no SFT file matching 'mcmc/G347Mock164Hz/H-7440_H1_1800SFT_G347Mock164Hz-1368970000-13392000.sft' found. Will create new SFT file(s).
24-06-23 11:50:58.958 pyfstat.utils.cli INFO    : Now executing: lalpulsar_Makefakedata_v5 --outSingleSFT=TRUE --outSFTdir="mcmc/G347Mock164Hz" --outLabel="G347Mock164Hz" --IFOs="H1","L1" --sqrtSX="1e-23" --startTime=1368970000 --duration=13392000 --fmin=164.3972467569507 --Band=0.123795814729839 --Tsft=1800 --injectionSources="mcmc/G347Mock164Hz/G347Mock164Hz.cff" --ephemEarth="earth00-40-DE405.dat.gz" --ephemSun="sun00-40-DE405.dat.gz"
24-06-23 11:51:00.765 pyfstat.make_sfts INFO    : Successfully wrote SFTs to: mcmc/G347Mock164Hz/H-7440_H1_1800SFT_G347Mock164Hz-1368970000-13392000.sft;mcmc/G347Mock164Hz/L-7440_L1_1800SFT_G347Mock164Hz-1368970000-13392000.sft
24-06-23 11:51:00.765 pyfstat.make_sfts INFO    : Now validating each SFT file...
24-06-23 11:51:01.005 pyfstat.core INFO    : Creating MCMCSearch object...
24-06-23 11:51:01.005 pyfstat.utils.ephemeris INFO    : No /home/hoitim.cheung/.pyfstat.conf file found. Will fall back to lal's automatic path resolution for files [earth00-40-DE405.dat.gz,sun00-40-DE405.dat.gz]. Alternatively, set 'earth_ephem' and 'sun_ephem' class options.
24-06-23 11:51:01.006 pyfstat.mcmc_based_searches INFO    : Set-up MCMC search for model G347Mock164Hz
24-06-23 11:51:01.007 pyfstat.mcmc_based_searches INFO    : Using data mcmc/G347Mock164Hz/H-7440_H1_1800SFT_G347Mock164Hz-1368970000-13392000.sft;mcmc/G347Mock164Hz/L-7440_L1_1800SFT_G347Mock164Hz-1368970000-13392000.sft
24-06-23 11:51:01.007 pyfstat.mcmc_based_searches INFO    : theta_prior = {'Alpha': {'type': 'unif', 'lower': 4.5093205, 'upper': 4.5094205}, 'Delta': {'type': 'unif', 'lower': -0.6952891, 'upper': -0.6950891}, 'F0': {'type': 'unif', 'lower': 164.45914100000002, 'upper': 164.459143}, 'F1': {'type': 'unif', 'lower': -1.74682308e-09, 'upper': -1.74662308e-09}, 'F2': {'type': 'unif', 'lower': -3.642913329999999e-20, 'upper': 1.635708667e-19}}
24-06-23 11:51:01.007 pyfstat.mcmc_based_searches INFO    : nwalkers=200
24-06-23 11:51:01.007 pyfstat.mcmc_based_searches INFO    : nsteps = [300, 300]
24-06-23 11:51:01.007 pyfstat.mcmc_based_searches INFO    : ntemps = 2
24-06-23 11:51:01.007 pyfstat.mcmc_based_searches INFO    : log10beta_min = -0.5
24-06-23 11:51:01.007 pyfstat.mcmc_based_searches INFO    : Setting up search object
24-06-23 11:51:01.007 pyfstat.core INFO    : Creating ComputeFstat object...
24-06-23 11:51:01.008 pyfstat.utils.ephemeris INFO    : No /home/hoitim.cheung/.pyfstat.conf file found. Will fall back to lal's automatic path resolution for files [earth00-40-DE405.dat.gz,sun00-40-DE405.dat.gz]. Alternatively, set 'earth_ephem' and 'sun_ephem' class options.
24-06-23 11:51:01.008 pyfstat.core INFO    : Initialising SFTCatalog from sftfilepattern.
24-06-23 11:51:01.008 pyfstat.core INFO    : Loading data matching SFT file name pattern 'mcmc/G347Mock164Hz/H-7440_H1_1800SFT_G347Mock164Hz-1368970000-13392000.sft;mcmc/G347Mock164Hz/L-7440_L1_1800SFT_G347Mock164Hz-1368970000-13392000.sft' with constraints minStartTime=1368970000, maxStartTime=1382362000.
24-06-23 11:51:01.173 pyfstat.core INFO    : Data contains SFT timestamps from 1368970000 (Wed May 24 13:26:22 2023 UTC) to (including) 1382360200 (Thu Oct 26 12:56:22 2023 UTC).
24-06-23 11:51:01.186 pyfstat.core INFO    : Loaded 14880 SFTs from 2 detectors: ['H1', 'L1']
24-06-23 11:51:01.195 pyfstat.core INFO    : Initialising ephems
24-06-23 11:51:02.193 pyfstat.core INFO    : Initialising Fstat arguments
24-06-23 11:51:02.230 pyfstat.core INFO    : [minCoverFreq,maxCoverFreq] not provided, trying to estimate from search ranges.
24-06-23 11:51:02.230 pyfstat.core INFO    : Using minCoverFreq=164.43002062372207 and maxCoverFreq=164.48826870573797.
24-06-23 11:51:02.230 pyfstat.core INFO    : Initialising FstatInput
24-06-23 11:51:02.672 pyfstat.core INFO    : Initialising PulsarDoplerParams
24-06-23 11:51:02.672 pyfstat.core INFO    : Initialising FstatResults
24-06-23 11:51:02.674 pyfstat.mcmc_based_searches INFO    : No pickled data found
24-06-23 11:51:02.674 pyfstat.mcmc_based_searches INFO    : Estimated run-time = 957.3119999999999 s = 15:57 m
24-06-23 11:51:02.675 pyfstat.mcmc_based_searches INFO    : Generate initial values from prior dictionary
24-06-23 11:51:02.680 pyfstat.mcmc_based_searches INFO    : Checking temperature 0 chains
24-06-23 11:51:03.346 pyfstat.mcmc_based_searches INFO    : Checking temperature 1 chains
24-06-23 11:51:04.004 pyfstat.mcmc_based_searches INFO    : Running final burn and prod with 600 steps
24-06-23 12:01:15.092 pyfstat.mcmc_based_searches INFO    : Mean acceptance fraction: [0.49455  0.405275]
24-06-23 12:01:15.093 pyfstat.mcmc_based_searches INFO    : Tswap acceptance fraction: [0.23135 0.23135]
24-06-23 12:01:15.094 pyfstat.mcmc_based_searches INFO    : Autocorrelation length: [[48.75683121 60.83791525 36.49407295 40.80478718 61.57003824]
 [11.23933512 68.06353698 30.07455711 56.59994688 23.59965987]]
24-06-23 12:01:15.127 pyfstat.mcmc_based_searches INFO    : Exporting samples to mcmc/G347Mock164Hz/G347Mock164Hz_samples.dat
24-06-23 12:01:15.350 pyfstat.utils.runlalsuite INFO    : Running CFSv2 to get .loudest file
24-06-23 12:01:15.350 pyfstat.utils.cli INFO    : Now executing: lalpulsar_ComputeFstatistic_v2 --DataFiles="mcmc/G347Mock164Hz/H-7440_H1_1800SFT_G347Mock164Hz-1368970000-13392000.sft;mcmc/G347Mock164Hz/L-7440_L1_1800SFT_G347Mock164Hz-1368970000-13392000.sft" --outputLoudest=mcmc/G347Mock164Hz/G347Mock164Hz.loudest --refTime=1375666000.0 --Alpha=4.509360779416754 --Delta=-0.6950945912442523 --Freq=164.4591425008581 --f1dot=-1.7467175948314378e-09 --f2dot=4.530954025984074e-20 --minStartTime=1368970000 --maxStartTime=1382362000 --ephemEarth=earth00-40-DE405.dat.gz --ephemSun=sun00-40-DE405.dat.gz
24-06-23 12:01:16.795 pyfstat.utils.cli INFO    : 2024-06-23 12:01:15.4182 (1338201) [normal]: Finding all SFTs to load ... done. (found 14880 SFTs)
24-06-23 12:01:16.795 pyfstat.utils.cli INFO    : 2024-06-23 12:01:16.3749 (1338201) [normal]: Setting up template grid ... template grid ready.
24-06-23 12:01:16.795 pyfstat.utils.cli INFO    : %% cmdline: lalpulsar_ComputeFstatistic_v2 --Alpha=4.509360779416754 --Delta=-0.6950945912442523 --Freq=164.4591425008581 --f1dot=-1.746717594831438e-09 --f2dot=4.530954025984074e-20 --DataFiles="mcmc/G347Mock164Hz/H-7440_H1_1800SFT_G347Mock164Hz-1368970000-13392000.sft;mcmc/G347Mock164Hz/L-7440_L1_1800SFT_G347Mock164Hz-1368970000-13392000.sft" --refTime=1375666000 --outputLoudest="mcmc/G347Mock164Hz/G347Mock164Hz.loudest" --minStartTime=1368970000 --maxStartTime=1382362000 --ephemEarth="earth00-40-DE405.dat.gz" --ephemSun="sun00-40-DE405.dat.gz"
24-06-23 12:01:16.795 pyfstat.utils.cli INFO    : %% LAL: 7.3.1 (CLEAN ba834368942ae59461ae5154fcf542c4d5a3b5b2)
24-06-23 12:01:16.795 pyfstat.utils.cli INFO    : %% LALFrame: 3.0.1 (CLEAN bbd22b0556c6f8e37ca4e5005c57892d28040329)
24-06-23 12:01:16.795 pyfstat.utils.cli INFO    : %% LALSimulation: 5.2.1 (CLEAN 2112931125648ecb69d9792bc9ac1d98870c8f47)
24-06-23 12:01:16.795 pyfstat.utils.cli INFO    : %% LALInference: 4.1.3 (CLEAN 8fc7f8d96f5d63e9ee93d9cd02648cbd4ba16676)
24-06-23 12:01:16.795 pyfstat.utils.cli INFO    : %% LALPulsar: 6.0.4 (CLEAN 0f8bf634641ead55121bb005ed28dc359124519d)
24-06-23 12:01:16.795 pyfstat.utils.cli INFO    : %% FstatMethod used: 'DemodSSE'
24-06-23 12:01:16.795 pyfstat.utils.cli INFO    : %% Started search: 2024-06-23 12:01:16.7763
24-06-23 12:01:16.795 pyfstat.utils.cli INFO    : %% Loaded SFTs: [ H1:7440, L1:7440 ]
24-06-23 12:01:16.795 pyfstat.utils.cli INFO    : %% GPS starttime         = 1368970000 (Wed May 24 13:26:22 2023 GMT)
24-06-23 12:01:16.795 pyfstat.utils.cli INFO    : %% Total time spanned    = 13392000 s (3720.00 hours)
24-06-23 12:01:16.795 pyfstat.utils.cli INFO    : %% Pulsar-params refTime = 1375666000
24-06-23 12:01:16.796 pyfstat.utils.cli INFO    : %% Spin-range at refTime: fkdot = [ 164.4591425008581:164.4591425008581, -1.746717594831438e-09:-1.746717594831438e-09, 4.530954025984074e-20:4.530954025984074e-20, 0:0, 0:0, 0:0, 0:0 ]
24-06-23 12:01:16.796 pyfstat.utils.cli INFO    : 2024-06-23 12:01:16.7825 (1338201) [normal]: Search finished.
24-06-23 12:01:16.796 pyfstat.mcmc_based_searches INFO    : Plotting temperature 0 chains
24-06-23 12:01:19.092 pyfstat.mcmc_based_searches INFO    : Summary:
24-06-23 12:01:19.093 pyfstat.mcmc_based_searches INFO    : Max twoF: 1046.7779541015625 with parameters:
24-06-23 12:01:19.093 pyfstat.mcmc_based_searches INFO    :   Alpha      = 4.509360779e+00
24-06-23 12:01:19.093 pyfstat.mcmc_based_searches INFO    :   Delta      = -6.950945912e-01
24-06-23 12:01:19.094 pyfstat.mcmc_based_searches INFO    :   F0         = 1.644591425e+02
24-06-23 12:01:19.094 pyfstat.mcmc_based_searches INFO    :   F1         = -1.746717595e-09
24-06-23 12:01:19.094 pyfstat.mcmc_based_searches INFO    :   F2         = 4.530954026e-20
24-06-23 12:01:19.094 pyfstat.mcmc_based_searches INFO    : Mean +- std for production values:
24-06-23 12:01:19.094 pyfstat.mcmc_based_searches INFO    :   Alpha      = 4.509374133e+00 +/- 1.406629090e-05
24-06-23 12:01:19.094 pyfstat.mcmc_based_searches INFO    :   Delta      = -6.951793618e-01 +/- 5.490296605e-05
24-06-23 12:01:19.094 pyfstat.mcmc_based_searches INFO    :   F0         = 1.644591420e+02 +/- 3.158781855e-07
24-06-23 12:01:19.094 pyfstat.mcmc_based_searches INFO    :   F1         = -1.746714426e-09 +/- 2.044005435e-14
24-06-23 12:01:19.094 pyfstat.mcmc_based_searches INFO    :   F2         = 6.194528941e-20 +/- 1.113417195e-20
24-06-23 12:01:19.095 pyfstat.mcmc_based_searches INFO    : Median and 90% quantiles for production values:
24-06-23 12:01:19.095 pyfstat.mcmc_based_searches INFO    :   Alpha      = 4.509373797e+00 - 2.249480292e-05 + 2.438704700e-05
24-06-23 12:01:19.095 pyfstat.mcmc_based_searches INFO    :   Delta      = -6.951761637e-01 - 9.690885490e-05 + 7.844203917e-05
24-06-23 12:01:19.095 pyfstat.mcmc_based_searches INFO    :   F0         = 1.644591420e+02 - 5.512102348e-07 + 4.480597511e-07
24-06-23 12:01:19.095 pyfstat.mcmc_based_searches INFO    :   F1         = -1.746714652e-09 - 3.337303798e-14 + 3.414534130e-14
24-06-23 12:01:19.095 pyfstat.mcmc_based_searches INFO    :   F2         = 6.119970364e-20 - 1.579640601e-20 + 1.952235256e-20
24-06-23 12:01:21.167 pyfstat.mcmc_based_searches WARNING : plot_prior_posterior(): Missing keys {'Alpha', 'F1', 'Delta', 'F0', 'F2'} in 'injection_parameters', no injection parameters will be highlighted.
24-06-23 12:01:22.240 pyfstat.utils.runlalsuite INFO    : Running CFSv2 to get .loudest file
24-06-23 12:01:22.240 pyfstat.utils.cli INFO    : Now executing: lalpulsar_ComputeFstatistic_v2 --DataFiles="mcmc/G347Mock164Hz/H-7440_H1_1800SFT_G347Mock164Hz-1368970000-13392000.sft;mcmc/G347Mock164Hz/L-7440_L1_1800SFT_G347Mock164Hz-1368970000-13392000.sft" --outputLoudest=mcmc/G347Mock164Hz/G347Mock164Hz.loudest --refTime=1375666000.0 --Alpha=4.509360779416754 --Delta=-0.6950945912442523 --Freq=164.4591425008581 --f1dot=-1.7467175948314378e-09 --f2dot=4.530954025984074e-20 --minStartTime=1368970000 --maxStartTime=1382362000 --ephemEarth=earth00-40-DE405.dat.gz --ephemSun=sun00-40-DE405.dat.gz
24-06-23 12:01:23.723 pyfstat.utils.cli INFO    : 2024-06-23 12:01:22.2831 (1338292) [normal]: Finding all SFTs to load ... done. (found 14880 SFTs)
24-06-23 12:01:23.723 pyfstat.utils.cli INFO    : 2024-06-23 12:01:23.2925 (1338292) [normal]: Setting up template grid ... template grid ready.
24-06-23 12:01:23.723 pyfstat.utils.cli INFO    : %% cmdline: lalpulsar_ComputeFstatistic_v2 --Alpha=4.509360779416754 --Delta=-0.6950945912442523 --Freq=164.4591425008581 --f1dot=-1.746717594831438e-09 --f2dot=4.530954025984074e-20 --DataFiles="mcmc/G347Mock164Hz/H-7440_H1_1800SFT_G347Mock164Hz-1368970000-13392000.sft;mcmc/G347Mock164Hz/L-7440_L1_1800SFT_G347Mock164Hz-1368970000-13392000.sft" --refTime=1375666000 --outputLoudest="mcmc/G347Mock164Hz/G347Mock164Hz.loudest" --minStartTime=1368970000 --maxStartTime=1382362000 --ephemEarth="earth00-40-DE405.dat.gz" --ephemSun="sun00-40-DE405.dat.gz"
24-06-23 12:01:23.723 pyfstat.utils.cli INFO    : %% LAL: 7.3.1 (CLEAN ba834368942ae59461ae5154fcf542c4d5a3b5b2)
24-06-23 12:01:23.723 pyfstat.utils.cli INFO    : %% LALFrame: 3.0.1 (CLEAN bbd22b0556c6f8e37ca4e5005c57892d28040329)
24-06-23 12:01:23.723 pyfstat.utils.cli INFO    : %% LALSimulation: 5.2.1 (CLEAN 2112931125648ecb69d9792bc9ac1d98870c8f47)
24-06-23 12:01:23.723 pyfstat.utils.cli INFO    : %% LALInference: 4.1.3 (CLEAN 8fc7f8d96f5d63e9ee93d9cd02648cbd4ba16676)
24-06-23 12:01:23.723 pyfstat.utils.cli INFO    : %% LALPulsar: 6.0.4 (CLEAN 0f8bf634641ead55121bb005ed28dc359124519d)
24-06-23 12:01:23.723 pyfstat.utils.cli INFO    : %% FstatMethod used: 'DemodSSE'
24-06-23 12:01:23.723 pyfstat.utils.cli INFO    : %% Started search: 2024-06-23 12:01:23.7036
24-06-23 12:01:23.723 pyfstat.utils.cli INFO    : %% Loaded SFTs: [ H1:7440, L1:7440 ]
24-06-23 12:01:23.723 pyfstat.utils.cli INFO    : %% GPS starttime         = 1368970000 (Wed May 24 13:26:22 2023 GMT)
24-06-23 12:01:23.723 pyfstat.utils.cli INFO    : %% Total time spanned    = 13392000 s (3720.00 hours)
24-06-23 12:01:23.723 pyfstat.utils.cli INFO    : %% Pulsar-params refTime = 1375666000
24-06-23 12:01:23.724 pyfstat.utils.cli INFO    : %% Spin-range at refTime: fkdot = [ 164.4591425008581:164.4591425008581, -1.746717594831438e-09:-1.746717594831438e-09, 4.530954025984074e-20:4.530954025984074e-20, 0:0, 0:0, 0:0, 0:0 ]
24-06-23 12:01:23.724 pyfstat.utils.cli INFO    : 2024-06-23 12:01:23.7088 (1338292) [normal]: Search finished.
24-06-24 02:08:44.980 pyfstat.core INFO    : Creating Writer object...
24-06-24 02:08:44.981 pyfstat.utils.ephemeris INFO    : No /home/hoitim.cheung/.pyfstat.conf file found. Will fall back to lal's automatic path resolution for files [earth00-40-DE405.dat.gz,sun00-40-DE405.dat.gz]. Alternatively, set 'earth_ephem' and 'sun_ephem' class options.
24-06-24 02:08:44.984 pyfstat.make_sfts INFO    : Estimating required SFT frequency range from properties of signal to inject plus 59 extra bins either side (corresponding to default F-statistic settings).
24-06-24 02:08:44.985 pyfstat.make_sfts INFO    : Generating SFTs with fmin=434.82274622169183, Band=0.2544881261128684
24-06-24 02:08:44.986 pyfstat.make_sfts INFO    : Checking if we can re-use injection config file...
24-06-24 02:08:44.986 pyfstat.make_sfts INFO    : ...OK: config file mcmc/G347Mock164Hz/G347Mock164Hz.cff already exists.
24-06-24 02:08:44.986 pyfstat.make_sfts INFO    : ...file contents unmatched, updating mcmc/G347Mock164Hz/G347Mock164Hz.cff.
24-06-24 02:08:44.986 pyfstat.make_sfts INFO    : Writing config file: mcmc/G347Mock164Hz/G347Mock164Hz.cff
24-06-24 02:08:44.987 pyfstat.make_sfts INFO    : Checking if we can re-use existing SFT data file(s)...
24-06-24 02:08:44.988 pyfstat.make_sfts INFO    : ...OK: file(s) found matching 'mcmc/G347Mock164Hz/L-7440_L1_1800SFT_G347Mock164Hz-1368970000-13392000.sft'.
24-06-24 02:08:44.988 pyfstat.make_sfts INFO    : ...the config file 'mcmc/G347Mock164Hz/G347Mock164Hz.cff' has been modified since creation of the SFT file(s) 'mcmc/G347Mock164Hz/H-7440_H1_1800SFT_G347Mock164Hz-1368970000-13392000.sft;mcmc/G347Mock164Hz/L-7440_L1_1800SFT_G347Mock164Hz-1368970000-13392000.sft'. Will create new SFT file(s).
24-06-24 02:08:44.988 pyfstat.utils.cli INFO    : Now executing: lalpulsar_Makefakedata_v5 --outSingleSFT=TRUE --outSFTdir="mcmc/G347Mock164Hz" --outLabel="G347Mock164Hz" --IFOs="H1","L1" --sqrtSX="1e-23" --startTime=1368970000 --duration=13392000 --fmin=434.8227462216918 --Band=0.2544881261128684 --Tsft=1800 --injectionSources="mcmc/G347Mock164Hz/G347Mock164Hz.cff" --ephemEarth="earth00-40-DE405.dat.gz" --ephemSun="sun00-40-DE405.dat.gz"
24-06-24 02:08:50.368 pyfstat.make_sfts INFO    : Successfully wrote SFTs to: mcmc/G347Mock164Hz/H-7440_H1_1800SFT_G347Mock164Hz-1368970000-13392000.sft;mcmc/G347Mock164Hz/L-7440_L1_1800SFT_G347Mock164Hz-1368970000-13392000.sft
24-06-24 02:08:50.368 pyfstat.make_sfts INFO    : Now validating each SFT file...
24-06-24 02:08:50.793 pyfstat.core INFO    : Creating MCMCSearch object...
24-06-24 02:08:50.794 pyfstat.utils.ephemeris INFO    : No /home/hoitim.cheung/.pyfstat.conf file found. Will fall back to lal's automatic path resolution for files [earth00-40-DE405.dat.gz,sun00-40-DE405.dat.gz]. Alternatively, set 'earth_ephem' and 'sun_ephem' class options.
24-06-24 02:08:50.797 pyfstat.mcmc_based_searches INFO    : Set-up MCMC search for model G347Mock164Hz
24-06-24 02:08:50.798 pyfstat.mcmc_based_searches INFO    : Using data mcmc/G347Mock164Hz/H-7440_H1_1800SFT_G347Mock164Hz-1368970000-13392000.sft;mcmc/G347Mock164Hz/L-7440_L1_1800SFT_G347Mock164Hz-1368970000-13392000.sft
24-06-24 02:08:50.799 pyfstat.mcmc_based_searches INFO    : theta_prior = {'Alpha': {'type': 'unif', 'lower': 4.5093205, 'upper': 4.5094205}, 'Delta': {'type': 'unif', 'lower': -0.6952891, 'upper': -0.6950891}, 'F0': {'type': 'unif', 'lower': 434.94997605, 'upper': 434.94997804999997}, 'F1': {'type': 'unif', 'lower': -7.22595492e-09, 'upper': -7.225754920000001e-09}, 'F2': {'type': 'unif', 'lower': 2.61694354e-19, 'upper': 4.61694354e-19}}
24-06-24 02:08:50.799 pyfstat.mcmc_based_searches INFO    : nwalkers=200
24-06-24 02:08:50.799 pyfstat.mcmc_based_searches INFO    : nsteps = [300, 300]
24-06-24 02:08:50.800 pyfstat.mcmc_based_searches INFO    : ntemps = 2
24-06-24 02:08:50.800 pyfstat.mcmc_based_searches INFO    : log10beta_min = -0.5
24-06-24 02:08:50.800 pyfstat.mcmc_based_searches INFO    : Setting up search object
24-06-24 02:08:50.800 pyfstat.core INFO    : Creating ComputeFstat object...
24-06-24 02:08:50.800 pyfstat.utils.ephemeris INFO    : No /home/hoitim.cheung/.pyfstat.conf file found. Will fall back to lal's automatic path resolution for files [earth00-40-DE405.dat.gz,sun00-40-DE405.dat.gz]. Alternatively, set 'earth_ephem' and 'sun_ephem' class options.
24-06-24 02:08:50.800 pyfstat.core INFO    : Initialising SFTCatalog from sftfilepattern.
24-06-24 02:08:50.800 pyfstat.core INFO    : Loading data matching SFT file name pattern 'mcmc/G347Mock164Hz/H-7440_H1_1800SFT_G347Mock164Hz-1368970000-13392000.sft;mcmc/G347Mock164Hz/L-7440_L1_1800SFT_G347Mock164Hz-1368970000-13392000.sft' with constraints minStartTime=1368970000, maxStartTime=1382362000.
24-06-24 02:08:51.052 pyfstat.core INFO    : Data contains SFT timestamps from 1368970000 (Wed May 24 13:26:22 2023 UTC) to (including) 1382360200 (Thu Oct 26 12:56:22 2023 UTC).
24-06-24 02:08:51.078 pyfstat.core INFO    : Loaded 14880 SFTs from 2 detectors: ['H1', 'L1']
24-06-24 02:08:51.094 pyfstat.core INFO    : Initialising ephems
24-06-24 02:08:52.563 pyfstat.core INFO    : Initialising Fstat arguments
24-06-24 02:08:52.622 pyfstat.core INFO    : [minCoverFreq,maxCoverFreq] not provided, trying to estimate from search ranges.
24-06-24 02:08:52.623 pyfstat.core INFO    : Using minCoverFreq=434.85552008846327 and maxCoverFreq=435.04446048186213.
24-06-24 02:08:52.623 pyfstat.core INFO    : Initialising FstatInput
24-06-24 02:08:53.614 pyfstat.core INFO    : Initialising PulsarDoplerParams
24-06-24 02:08:53.614 pyfstat.core INFO    : Initialising FstatResults
24-06-24 02:08:53.615 pyfstat.mcmc_based_searches INFO    : Pickled data outdates sft files
24-06-24 02:08:53.617 pyfstat.mcmc_based_searches INFO    : Estimated run-time = 957.3119999999999 s = 15:57 m
24-06-24 02:08:53.617 pyfstat.mcmc_based_searches INFO    : Generate initial values from prior dictionary
24-06-24 02:08:53.624 pyfstat.mcmc_based_searches INFO    : Checking temperature 0 chains
24-06-24 02:08:55.313 pyfstat.mcmc_based_searches INFO    : Checking temperature 1 chains
24-06-24 02:08:57.116 pyfstat.mcmc_based_searches INFO    : Running final burn and prod with 600 steps
