24-06-23 11:28:54.792 pyfstat.core INFO    : Creating MCMCSearch object...
24-06-23 11:28:54.792 pyfstat.utils.ephemeris INFO    : No /home/hoitim.cheung/.pyfstat.conf file found. Will fall back to lal's automatic path resolution for files [earth00-40-DE405.dat.gz,sun00-40-DE405.dat.gz]. Alternatively, set 'earth_ephem' and 'sun_ephem' class options.
24-06-23 11:28:54.816 pyfstat.mcmc_based_searches INFO    : Set-up MCMC search for model G347Real164Hz
24-06-23 11:28:54.816 pyfstat.mcmc_based_searches INFO    : Using data /home/hoitim.cheung/snrsearch/o4/SFTs/narrowBand/240days/H1/164/H-7338_H1_1800SFT_O4RUN+R1+CGDSCALIBSTRAINCLEANGATEDG01+WTKEY5_NBF0163Hz0W0003Hz0-1368980712-20472783.sft;/home/hoitim.cheung/snrsearch/o4/SFTs/narrowBand/240days/L1/164/L-7622_L1_1800SFT_O4RUN+R1+CGDSCALIBSTRAINCLEANGATEDG01+WTKEY5_NBF0163Hz0W0003Hz0-1368976350-20451259.sft
24-06-23 11:28:54.817 pyfstat.mcmc_based_searches INFO    : theta_prior = {'Alpha': {'type': 'unif', 'lower': 4.5093205, 'upper': 4.5094205}, 'Delta': {'type': 'unif', 'lower': -0.6952891, 'upper': -0.6950891}, 'F0': {'type': 'unif', 'lower': 164.45914100000002, 'upper': 164.459143}, 'F1': {'type': 'unif', 'lower': -1.74682308e-09, 'upper': -1.74662308e-09}, 'F2': {'type': 'unif', 'lower': -3.642913329999999e-20, 'upper': 1.635708667e-19}}
24-06-23 11:28:54.817 pyfstat.mcmc_based_searches INFO    : nwalkers=200
24-06-23 11:28:54.817 pyfstat.mcmc_based_searches INFO    : nsteps = [300, 300]
24-06-23 11:28:54.817 pyfstat.mcmc_based_searches INFO    : ntemps = 2
24-06-23 11:28:54.817 pyfstat.mcmc_based_searches INFO    : log10beta_min = -0.5
24-06-23 11:28:54.817 pyfstat.mcmc_based_searches INFO    : Setting up search object
24-06-23 11:28:54.817 pyfstat.core INFO    : Creating ComputeFstat object...
24-06-23 11:28:54.817 pyfstat.utils.ephemeris INFO    : No /home/hoitim.cheung/.pyfstat.conf file found. Will fall back to lal's automatic path resolution for files [earth00-40-DE405.dat.gz,sun00-40-DE405.dat.gz]. Alternatively, set 'earth_ephem' and 'sun_ephem' class options.
24-06-23 11:28:54.817 pyfstat.core INFO    : Initialising SFTCatalog from sftfilepattern.
24-06-23 11:28:54.836 pyfstat.core INFO    : Loading data matching SFT file name pattern '/home/hoitim.cheung/snrsearch/o4/SFTs/narrowBand/240days/H1/164/H-7338_H1_1800SFT_O4RUN+R1+CGDSCALIBSTRAINCLEANGATEDG01+WTKEY5_NBF0163Hz0W0003Hz0-1368980712-20472783.sft;/home/hoitim.cheung/snrsearch/o4/SFTs/narrowBand/240days/L1/164/L-7622_L1_1800SFT_O4RUN+R1+CGDSCALIBSTRAINCLEANGATEDG01+WTKEY5_NBF0163Hz0W0003Hz0-1368976350-20451259.sft' with constraints minStartTime=1368970000, maxStartTime=1389706000.
24-06-23 11:28:54.965 pyfstat.core INFO    : Data contains SFT timestamps from 1368976350 (Wed May 24 15:12:12 2023 UTC) to (including) 1389451695 (Tue Jan 16 14:47:57 2024 UTC).
24-06-23 11:28:54.979 pyfstat.core INFO    : Loaded 14960 SFTs from 2 detectors: ['L1', 'H1']
24-06-23 11:28:54.990 pyfstat.core INFO    : Initialising ephems
24-06-23 11:28:55.922 pyfstat.core INFO    : Initialising Fstat arguments
24-06-23 11:28:55.955 pyfstat.core INFO    : [minCoverFreq,maxCoverFreq] not provided, trying to estimate from search ranges.
24-06-23 11:28:55.956 pyfstat.core INFO    : Using minCoverFreq=164.42360582777067 and maxCoverFreq=164.4946888448089.
24-06-23 11:28:55.956 pyfstat.core INFO    : Initialising FstatInput
24-06-23 11:28:56.390 pyfstat.core INFO    : Initialising PulsarDoplerParams
24-06-23 11:28:56.390 pyfstat.core INFO    : Initialising FstatResults
24-06-23 11:28:56.394 pyfstat.mcmc_based_searches INFO    : No pickled data found
24-06-23 11:28:56.395 pyfstat.mcmc_based_searches INFO    : Estimated run-time = 1466.496 s = 24:26 m
24-06-23 11:28:56.396 pyfstat.mcmc_based_searches INFO    : Generate initial values from prior dictionary
24-06-23 11:28:56.401 pyfstat.mcmc_based_searches INFO    : Checking temperature 0 chains
24-06-23 11:28:56.996 pyfstat.mcmc_based_searches INFO    : Checking temperature 1 chains
24-06-23 11:28:57.587 pyfstat.mcmc_based_searches INFO    : Running final burn and prod with 600 steps
24-06-23 11:37:41.347 pyfstat.mcmc_based_searches INFO    : Mean acceptance fraction: [0.14534167 0.23154167]
24-06-23 11:37:41.347 pyfstat.mcmc_based_searches INFO    : Tswap acceptance fraction: [0.028 0.028]
24-06-23 11:37:41.348 pyfstat.mcmc_based_searches INFO    : Autocorrelation length: [[64.59195556 86.60262917 68.62314043 83.75407043 79.3914975 ]
 [85.89712445 51.91550636 82.42520803 40.91048824 74.13163868]]
24-06-23 11:37:41.387 pyfstat.mcmc_based_searches INFO    : Exporting samples to mcmc/G347Real164Hz/G347Real164Hz_samples.dat
24-06-23 11:37:41.608 pyfstat.utils.runlalsuite INFO    : Running CFSv2 to get .loudest file
24-06-23 11:37:41.608 pyfstat.utils.cli INFO    : Now executing: lalpulsar_ComputeFstatistic_v2 --DataFiles="/home/hoitim.cheung/snrsearch/o4/SFTs/narrowBand/240days/H1/164/H-7338_H1_1800SFT_O4RUN+R1+CGDSCALIBSTRAINCLEANGATEDG01+WTKEY5_NBF0163Hz0W0003Hz0-1368980712-20472783.sft;/home/hoitim.cheung/snrsearch/o4/SFTs/narrowBand/240days/L1/164/L-7622_L1_1800SFT_O4RUN+R1+CGDSCALIBSTRAINCLEANGATEDG01+WTKEY5_NBF0163Hz0W0003Hz0-1368976350-20451259.sft" --outputLoudest=mcmc/G347Real164Hz/G347Real164Hz.loudest --refTime=1379338000.0 --Alpha=4.509411302430324 --Delta=-0.6951804179775067 --Freq=164.4591425584143 --f1dot=-1.7466354970097496e-09 --f2dot=6.368602494611896e-20 --minStartTime=1368970000 --maxStartTime=1389706000 --ephemEarth=earth00-40-DE405.dat.gz --ephemSun=sun00-40-DE405.dat.gz
24-06-23 11:37:46.284 pyfstat.utils.cli INFO    : 2024-06-23 11:37:44.1007 (1301574) [normal]: Finding all SFTs to load ... done. (found 14960 SFTs)
24-06-23 11:37:46.284 pyfstat.utils.cli INFO    : 2024-06-23 11:37:45.2865 (1301574) [normal]: Setting up template grid ... template grid ready.
24-06-23 11:37:46.284 pyfstat.utils.cli INFO    : %% cmdline: lalpulsar_ComputeFstatistic_v2 --Alpha=4.509411302430324 --Delta=-0.6951804179775067 --Freq=164.4591425584143 --f1dot=-1.74663549700975e-09 --f2dot=6.368602494611896e-20 --DataFiles="/home/hoitim.cheung/snrsearch/o4/SFTs/narrowBand/240days/H1/164/H-7338_H1_1800SFT_O4RUN+R1+CGDSCALIBSTRAINCLEANGATEDG01+WTKEY5_NBF0163Hz0W0003Hz0-1368980712-20472783.sft;/home/hoitim.cheung/snrsearch/o4/SFTs/narrowBand/240days/L1/164/L-7622_L1_1800SFT_O4RUN+R1+CGDSCALIBSTRAINCLEANGATEDG01+WTKEY5_NBF0163Hz0W0003Hz0-1368976350-20451259.sft" --refTime=1379338000 --outputLoudest="mcmc/G347Real164Hz/G347Real164Hz.loudest" --minStartTime=1368970000 --maxStartTime=1389706000 --ephemEarth="earth00-40-DE405.dat.gz" --ephemSun="sun00-40-DE405.dat.gz"
24-06-23 11:37:46.284 pyfstat.utils.cli INFO    : %% LAL: 7.3.1 (CLEAN ba834368942ae59461ae5154fcf542c4d5a3b5b2)
24-06-23 11:37:46.284 pyfstat.utils.cli INFO    : %% LALFrame: 3.0.1 (CLEAN bbd22b0556c6f8e37ca4e5005c57892d28040329)
24-06-23 11:37:46.284 pyfstat.utils.cli INFO    : %% LALSimulation: 5.2.1 (CLEAN 2112931125648ecb69d9792bc9ac1d98870c8f47)
24-06-23 11:37:46.284 pyfstat.utils.cli INFO    : %% LALInference: 4.1.3 (CLEAN 8fc7f8d96f5d63e9ee93d9cd02648cbd4ba16676)
24-06-23 11:37:46.284 pyfstat.utils.cli INFO    : %% LALPulsar: 6.0.4 (CLEAN 0f8bf634641ead55121bb005ed28dc359124519d)
24-06-23 11:37:46.284 pyfstat.utils.cli INFO    : %% FstatMethod used: 'DemodSSE'
24-06-23 11:37:46.284 pyfstat.utils.cli INFO    : %% Started search: 2024-06-23 11:37:45.7688
24-06-23 11:37:46.284 pyfstat.utils.cli INFO    : %% Loaded SFTs: [ H1:7338, L1:7622 ]
24-06-23 11:37:46.284 pyfstat.utils.cli INFO    : %% GPS starttime         = 1368976350 (Wed May 24 15:12:12 2023 GMT)
24-06-23 11:37:46.284 pyfstat.utils.cli INFO    : %% Total time spanned    = 20477145 s (5688.10 hours)
24-06-23 11:37:46.284 pyfstat.utils.cli INFO    : %% Pulsar-params refTime = 1379338000
24-06-23 11:37:46.285 pyfstat.utils.cli INFO    : %% Spin-range at refTime: fkdot = [ 164.4591425584143:164.4591425584143, -1.74663549700975e-09:-1.74663549700975e-09, 6.368602494611896e-20:6.368602494611896e-20, 0:0, 0:0, 0:0, 0:0 ]
24-06-23 11:37:46.285 pyfstat.utils.cli INFO    : 2024-06-23 11:37:45.8626 (1301574) [normal]: Search finished.
24-06-23 11:37:46.285 pyfstat.mcmc_based_searches INFO    : Plotting temperature 0 chains
24-06-23 11:37:48.567 pyfstat.mcmc_based_searches INFO    : Summary:
24-06-23 11:37:48.567 pyfstat.mcmc_based_searches INFO    : Max twoF: 77.70883178710938 with parameters:
24-06-23 11:37:48.567 pyfstat.mcmc_based_searches INFO    :   Alpha      = 4.509411302e+00
24-06-23 11:37:48.567 pyfstat.mcmc_based_searches INFO    :   Delta      = -6.951804180e-01
24-06-23 11:37:48.567 pyfstat.mcmc_based_searches INFO    :   F0         = 1.644591426e+02
24-06-23 11:37:48.567 pyfstat.mcmc_based_searches INFO    :   F1         = -1.746635497e-09
24-06-23 11:37:48.567 pyfstat.mcmc_based_searches INFO    :   F2         = 6.368602495e-20
24-06-23 11:37:48.567 pyfstat.mcmc_based_searches INFO    : Mean +- std for production values:
24-06-23 11:37:48.567 pyfstat.mcmc_based_searches INFO    :   Alpha      = 4.509375516e+00 +/- 2.111575603e-05
24-06-23 11:37:48.567 pyfstat.mcmc_based_searches INFO    :   Delta      = -6.951986455e-01 +/- 5.294677146e-05
24-06-23 11:37:48.567 pyfstat.mcmc_based_searches INFO    :   F0         = 1.644591424e+02 +/- 2.586427062e-07
24-06-23 11:37:48.567 pyfstat.mcmc_based_searches INFO    :   F1         = -1.746711332e-09 +/- 4.652469707e-14
24-06-23 11:37:48.567 pyfstat.mcmc_based_searches INFO    :   F2         = 6.698208432e-20 +/- 1.525903032e-20
24-06-23 11:37:48.567 pyfstat.mcmc_based_searches INFO    : Median and 90% quantiles for production values:
24-06-23 11:37:48.568 pyfstat.mcmc_based_searches INFO    :   Alpha      = 4.509377168e+00 - 3.787870107e-05 + 3.235725033e-05
24-06-23 11:37:48.568 pyfstat.mcmc_based_searches INFO    :   Delta      = -6.952022514e-01 - 7.768811429e-05 + 9.645189571e-05
24-06-23 11:37:48.568 pyfstat.mcmc_based_searches INFO    :   F0         = 1.644591424e+02 - 3.890044411e-07 + 4.405606830e-07
24-06-23 11:37:48.568 pyfstat.mcmc_based_searches INFO    :   F1         = -1.746706249e-09 - 8.866675295e-14 + 6.578696290e-14
24-06-23 11:37:48.568 pyfstat.mcmc_based_searches INFO    :   F2         = 6.773267464e-20 - 2.298798602e-20 + 2.382208967e-20
24-06-23 11:37:50.837 pyfstat.mcmc_based_searches WARNING : plot_prior_posterior(): Missing keys {'F1', 'F0', 'Alpha', 'Delta', 'F2'} in 'injection_parameters', no injection parameters will be highlighted.
24-06-23 11:37:51.726 pyfstat.utils.runlalsuite INFO    : Running CFSv2 to get .loudest file
24-06-23 11:37:51.726 pyfstat.utils.cli INFO    : Now executing: lalpulsar_ComputeFstatistic_v2 --DataFiles="/home/hoitim.cheung/snrsearch/o4/SFTs/narrowBand/240days/H1/164/H-7338_H1_1800SFT_O4RUN+R1+CGDSCALIBSTRAINCLEANGATEDG01+WTKEY5_NBF0163Hz0W0003Hz0-1368980712-20472783.sft;/home/hoitim.cheung/snrsearch/o4/SFTs/narrowBand/240days/L1/164/L-7622_L1_1800SFT_O4RUN+R1+CGDSCALIBSTRAINCLEANGATEDG01+WTKEY5_NBF0163Hz0W0003Hz0-1368976350-20451259.sft" --outputLoudest=mcmc/G347Real164Hz/G347Real164Hz.loudest --refTime=1379338000.0 --Alpha=4.509411302430324 --Delta=-0.6951804179775067 --Freq=164.4591425584143 --f1dot=-1.7466354970097496e-09 --f2dot=6.368602494611896e-20 --minStartTime=1368970000 --maxStartTime=1389706000 --ephemEarth=earth00-40-DE405.dat.gz --ephemSun=sun00-40-DE405.dat.gz
24-06-23 11:37:53.303 pyfstat.utils.cli INFO    : 2024-06-23 11:37:51.7784 (1301847) [normal]: Finding all SFTs to load ... done. (found 14960 SFTs)
24-06-23 11:37:53.303 pyfstat.utils.cli INFO    : 2024-06-23 11:37:52.7849 (1301847) [normal]: Setting up template grid ... template grid ready.
24-06-23 11:37:53.304 pyfstat.utils.cli INFO    : %% cmdline: lalpulsar_ComputeFstatistic_v2 --Alpha=4.509411302430324 --Delta=-0.6951804179775067 --Freq=164.4591425584143 --f1dot=-1.74663549700975e-09 --f2dot=6.368602494611896e-20 --DataFiles="/home/hoitim.cheung/snrsearch/o4/SFTs/narrowBand/240days/H1/164/H-7338_H1_1800SFT_O4RUN+R1+CGDSCALIBSTRAINCLEANGATEDG01+WTKEY5_NBF0163Hz0W0003Hz0-1368980712-20472783.sft;/home/hoitim.cheung/snrsearch/o4/SFTs/narrowBand/240days/L1/164/L-7622_L1_1800SFT_O4RUN+R1+CGDSCALIBSTRAINCLEANGATEDG01+WTKEY5_NBF0163Hz0W0003Hz0-1368976350-20451259.sft" --refTime=1379338000 --outputLoudest="mcmc/G347Real164Hz/G347Real164Hz.loudest" --minStartTime=1368970000 --maxStartTime=1389706000 --ephemEarth="earth00-40-DE405.dat.gz" --ephemSun="sun00-40-DE405.dat.gz"
24-06-23 11:37:53.304 pyfstat.utils.cli INFO    : %% LAL: 7.3.1 (CLEAN ba834368942ae59461ae5154fcf542c4d5a3b5b2)
24-06-23 11:37:53.304 pyfstat.utils.cli INFO    : %% LALFrame: 3.0.1 (CLEAN bbd22b0556c6f8e37ca4e5005c57892d28040329)
24-06-23 11:37:53.304 pyfstat.utils.cli INFO    : %% LALSimulation: 5.2.1 (CLEAN 2112931125648ecb69d9792bc9ac1d98870c8f47)
24-06-23 11:37:53.304 pyfstat.utils.cli INFO    : %% LALInference: 4.1.3 (CLEAN 8fc7f8d96f5d63e9ee93d9cd02648cbd4ba16676)
24-06-23 11:37:53.304 pyfstat.utils.cli INFO    : %% LALPulsar: 6.0.4 (CLEAN 0f8bf634641ead55121bb005ed28dc359124519d)
24-06-23 11:37:53.304 pyfstat.utils.cli INFO    : %% FstatMethod used: 'DemodSSE'
24-06-23 11:37:53.304 pyfstat.utils.cli INFO    : %% Started search: 2024-06-23 11:37:53.2823
24-06-23 11:37:53.304 pyfstat.utils.cli INFO    : %% Loaded SFTs: [ H1:7338, L1:7622 ]
24-06-23 11:37:53.304 pyfstat.utils.cli INFO    : %% GPS starttime         = 1368976350 (Wed May 24 15:12:12 2023 GMT)
24-06-23 11:37:53.305 pyfstat.utils.cli INFO    : %% Total time spanned    = 20477145 s (5688.10 hours)
24-06-23 11:37:53.305 pyfstat.utils.cli INFO    : %% Pulsar-params refTime = 1379338000
24-06-23 11:37:53.305 pyfstat.utils.cli INFO    : %% Spin-range at refTime: fkdot = [ 164.4591425584143:164.4591425584143, -1.74663549700975e-09:-1.74663549700975e-09, 6.368602494611896e-20:6.368602494611896e-20, 0:0, 0:0, 0:0, 0:0 ]
24-06-23 11:37:53.305 pyfstat.utils.cli INFO    : 2024-06-23 11:37:53.2875 (1301847) [normal]: Search finished.
24-06-24 02:07:37.145 pyfstat.core INFO    : Creating MCMCSearch object...
24-06-24 02:07:37.145 pyfstat.utils.ephemeris INFO    : No /home/hoitim.cheung/.pyfstat.conf file found. Will fall back to lal's automatic path resolution for files [earth00-40-DE405.dat.gz,sun00-40-DE405.dat.gz]. Alternatively, set 'earth_ephem' and 'sun_ephem' class options.
24-06-24 02:07:37.150 pyfstat.mcmc_based_searches INFO    : Set-up MCMC search for model G347Real164Hz
24-06-24 02:07:37.150 pyfstat.mcmc_based_searches INFO    : Using data /home/hoitim.cheung/snrsearch/o4/SFTs/narrowBand/240days/H1/164/H-7338_H1_1800SFT_O4RUN+R1+CGDSCALIBSTRAINCLEANGATEDG01+WTKEY5_NBF0163Hz0W0003Hz0-1368980712-20472783.sft;/home/hoitim.cheung/snrsearch/o4/SFTs/narrowBand/240days/L1/164/L-7622_L1_1800SFT_O4RUN+R1+CGDSCALIBSTRAINCLEANGATEDG01+WTKEY5_NBF0163Hz0W0003Hz0-1368976350-20451259.sft
24-06-24 02:07:37.151 pyfstat.mcmc_based_searches INFO    : theta_prior = {'Alpha': {'type': 'unif', 'lower': 4.5093205, 'upper': 4.5094205}, 'Delta': {'type': 'unif', 'lower': -0.6952891, 'upper': -0.6950891}, 'F0': {'type': 'unif', 'lower': 434.94997605, 'upper': 434.94997804999997}, 'F1': {'type': 'unif', 'lower': -7.22595492e-09, 'upper': -7.225754920000001e-09}, 'F2': {'type': 'unif', 'lower': 2.61694354e-19, 'upper': 4.61694354e-19}}
24-06-24 02:07:37.151 pyfstat.mcmc_based_searches INFO    : nwalkers=200
24-06-24 02:07:37.151 pyfstat.mcmc_based_searches INFO    : nsteps = [300, 300]
24-06-24 02:07:37.151 pyfstat.mcmc_based_searches INFO    : ntemps = 2
24-06-24 02:07:37.151 pyfstat.mcmc_based_searches INFO    : log10beta_min = -0.5
24-06-24 02:07:37.151 pyfstat.mcmc_based_searches INFO    : Setting up search object
24-06-24 02:07:37.151 pyfstat.core INFO    : Creating ComputeFstat object...
24-06-24 02:07:37.152 pyfstat.utils.ephemeris INFO    : No /home/hoitim.cheung/.pyfstat.conf file found. Will fall back to lal's automatic path resolution for files [earth00-40-DE405.dat.gz,sun00-40-DE405.dat.gz]. Alternatively, set 'earth_ephem' and 'sun_ephem' class options.
24-06-24 02:07:37.152 pyfstat.core INFO    : Initialising SFTCatalog from sftfilepattern.
24-06-24 02:07:37.174 pyfstat.core INFO    : Loading data matching SFT file name pattern '/home/hoitim.cheung/snrsearch/o4/SFTs/narrowBand/240days/H1/164/H-7338_H1_1800SFT_O4RUN+R1+CGDSCALIBSTRAINCLEANGATEDG01+WTKEY5_NBF0163Hz0W0003Hz0-1368980712-20472783.sft;/home/hoitim.cheung/snrsearch/o4/SFTs/narrowBand/240days/L1/164/L-7622_L1_1800SFT_O4RUN+R1+CGDSCALIBSTRAINCLEANGATEDG01+WTKEY5_NBF0163Hz0W0003Hz0-1368976350-20451259.sft' with constraints minStartTime=1368970000, maxStartTime=1389706000.
24-06-24 02:07:39.742 pyfstat.core INFO    : Data contains SFT timestamps from 1368976350 (Wed May 24 15:12:12 2023 UTC) to (including) 1389451695 (Tue Jan 16 14:47:57 2024 UTC).
24-06-24 02:07:39.770 pyfstat.core INFO    : Loaded 14960 SFTs from 2 detectors: ['L1', 'H1']
24-06-24 02:07:39.787 pyfstat.core INFO    : Initialising ephems
24-06-24 02:07:41.395 pyfstat.core INFO    : Initialising Fstat arguments
24-06-24 02:07:41.462 pyfstat.core INFO    : [minCoverFreq,maxCoverFreq] not provided, trying to estimate from search ranges.
24-06-24 02:10:02.572 pyfstat.core INFO    : Creating MCMCSearch object...
24-06-24 02:10:02.572 pyfstat.utils.ephemeris INFO    : No /home/hoitim.cheung/.pyfstat.conf file found. Will fall back to lal's automatic path resolution for files [earth00-40-DE405.dat.gz,sun00-40-DE405.dat.gz]. Alternatively, set 'earth_ephem' and 'sun_ephem' class options.
24-06-24 02:10:02.574 pyfstat.mcmc_based_searches INFO    : Set-up MCMC search for model G347Real164Hz
24-06-24 02:10:02.574 pyfstat.mcmc_based_searches INFO    : Using data /home/hoitim.cheung/snrsearch/o4/SFTs/narrowBand/240days/H1/434/H-7338_H1_1800SFT_O4RUN+R1+CGDSCALIBSTRAINCLEANGATEDG01+WTKEY5_NBF0432Hz0W0005Hz0-1368980712-20472783.sft;/home/hoitim.cheung/snrsearch/o4/SFTs/narrowBand/240days/L1/434/L-7622_L1_1800SFT_O4RUN+R1+CGDSCALIBSTRAINCLEANGATEDG01+WTKEY5_NBF0432Hz0W0005Hz0-1368976350-20451259.sft
24-06-24 02:10:02.574 pyfstat.mcmc_based_searches INFO    : theta_prior = {'Alpha': {'type': 'unif', 'lower': 4.5093205, 'upper': 4.5094205}, 'Delta': {'type': 'unif', 'lower': -0.6952891, 'upper': -0.6950891}, 'F0': {'type': 'unif', 'lower': 434.94997605, 'upper': 434.94997804999997}, 'F1': {'type': 'unif', 'lower': -7.22595492e-09, 'upper': -7.225754920000001e-09}, 'F2': {'type': 'unif', 'lower': 2.61694354e-19, 'upper': 4.61694354e-19}}
24-06-24 02:10:02.574 pyfstat.mcmc_based_searches INFO    : nwalkers=200
24-06-24 02:10:02.575 pyfstat.mcmc_based_searches INFO    : nsteps = [300, 300]
24-06-24 02:10:02.575 pyfstat.mcmc_based_searches INFO    : ntemps = 2
24-06-24 02:10:02.575 pyfstat.mcmc_based_searches INFO    : log10beta_min = -0.5
24-06-24 02:10:02.575 pyfstat.mcmc_based_searches INFO    : Setting up search object
24-06-24 02:10:02.575 pyfstat.core INFO    : Creating ComputeFstat object...
24-06-24 02:10:02.575 pyfstat.utils.ephemeris INFO    : No /home/hoitim.cheung/.pyfstat.conf file found. Will fall back to lal's automatic path resolution for files [earth00-40-DE405.dat.gz,sun00-40-DE405.dat.gz]. Alternatively, set 'earth_ephem' and 'sun_ephem' class options.
24-06-24 02:10:02.575 pyfstat.core INFO    : Initialising SFTCatalog from sftfilepattern.
24-06-24 02:10:02.575 pyfstat.core INFO    : Loading data matching SFT file name pattern '/home/hoitim.cheung/snrsearch/o4/SFTs/narrowBand/240days/H1/434/H-7338_H1_1800SFT_O4RUN+R1+CGDSCALIBSTRAINCLEANGATEDG01+WTKEY5_NBF0432Hz0W0005Hz0-1368980712-20472783.sft;/home/hoitim.cheung/snrsearch/o4/SFTs/narrowBand/240days/L1/434/L-7622_L1_1800SFT_O4RUN+R1+CGDSCALIBSTRAINCLEANGATEDG01+WTKEY5_NBF0432Hz0W0005Hz0-1368976350-20451259.sft' with constraints minStartTime=1368970000, maxStartTime=1389706000.
24-06-24 02:10:05.713 pyfstat.core INFO    : Data contains SFT timestamps from 1368976350 (Wed May 24 15:12:12 2023 UTC) to (including) 1389451695 (Tue Jan 16 14:47:57 2024 UTC).
24-06-24 02:10:05.740 pyfstat.core INFO    : Loaded 14960 SFTs from 2 detectors: ['L1', 'H1']
24-06-24 02:10:05.755 pyfstat.core INFO    : Initialising ephems
24-06-24 02:10:07.144 pyfstat.core INFO    : Initialising Fstat arguments
24-06-24 02:10:07.211 pyfstat.core INFO    : [minCoverFreq,maxCoverFreq] not provided, trying to estimate from search ranges.
24-06-24 02:10:07.212 pyfstat.core INFO    : Using minCoverFreq=434.82899739106847 and maxCoverFreq=435.07101146570176.
24-06-24 02:10:07.212 pyfstat.core INFO    : Initialising FstatInput
24-06-24 02:10:12.231 pyfstat.core INFO    : Initialising PulsarDoplerParams
24-06-24 02:10:12.231 pyfstat.core INFO    : Initialising FstatResults
24-06-24 02:10:12.651 pyfstat.mcmc_based_searches WARNING : Saved data differs from requested
24-06-24 02:10:12.651 pyfstat.mcmc_based_searches INFO    : Differences found in following keys:
24-06-24 02:10:12.651 pyfstat.mcmc_based_searches INFO    :     theta_prior
24-06-24 02:10:12.652 pyfstat.mcmc_based_searches INFO    : Estimated run-time = 1466.496 s = 24:26 m
24-06-24 02:10:12.653 pyfstat.mcmc_based_searches INFO    : Generate initial values from prior dictionary
24-06-24 02:10:12.668 pyfstat.mcmc_based_searches INFO    : Checking temperature 0 chains
24-06-24 02:10:13.848 pyfstat.mcmc_based_searches INFO    : Checking temperature 1 chains
24-06-24 02:10:15.054 pyfstat.mcmc_based_searches INFO    : Running final burn and prod with 600 steps
